"Task Aware Debugger for GDB" version 11.4.0 (202107011009)
(c) 2016-2021 NXP Semiconductors, Inc.
==================================
09:57:20.758 INFO: [TadModel] DSF session ID 19 has started.
09:57:23.972 INFO: [TadState] TAD state changed: DEBUG_STARTED -> DEBUG_INIT_0 (RESUMED, USER_REQUEST)
09:57:24.00 INFO: [TadState] TAD state changed: DEBUG_INIT_0 -> DEBUG_INIT_1 (SUSPENDED, SIGNAL)
09:57:24.576 INFO: [TadState] TAD state changed: DEBUG_INIT_1 -> DEBUG_SUSPENDED (RESUMED, USER_REQUEST)
09:57:24.647 INFO: [TadState] TAD state changed: DEBUG_SUSPENDED -> DEBUG_SUSPENDED (SUSPENDED, BREAKPOINT)
09:57:26.634 INFO: [TadState] TAD state changed: DEBUG_SUSPENDED -> DEBUG_RESUMED (RESUMED, USER_REQUEST)
09:57:26.701 INFO: [TadState] TAD state changed: DEBUG_RESUMED -> READY (SUSPENDED, BREAKPOINT)
09:57:30.692 INFO: [TadState] TAD state changed: READY -> DEBUG_RESUMED (RESUMED, STEP)
09:57:30.983 INFO: [TadState] TAD state changed: DEBUG_RESUMED -> READY (SUSPENDED, STEP)
09:57:38.906 INFO: [TadState] TAD state changed: READY -> DEBUG_RESUMED (RESUMED, STEP)
09:57:39.164 INFO: [TadState] TAD state changed: DEBUG_RESUMED -> READY (SUSPENDED, STEP)
09:57:41.826 INFO: [TadState] TAD state changed: READY -> DEBUG_RESUMED (RESUMED, STEP)
09:57:42.12 INFO: [TadState] TAD state changed: DEBUG_RESUMED -> READY (SUSPENDED, STEP)
09:57:43.771 INFO: [TadState] TAD state changed: READY -> DEBUG_RESUMED (RESUMED, STEP)
09:57:44.10 INFO: [TadState] TAD state changed: DEBUG_RESUMED -> READY (SUSPENDED, STEP)
09:57:46.777 INFO: [TadState] TAD state changed: READY -> DEBUG_RESUMED (RESUMED, STEP)
09:57:46.907 INFO: [TadState] TAD state changed: DEBUG_RESUMED -> READY (SUSPENDED, STEP)
09:57:48.338 INFO: [TadState] TAD state changed: READY -> DEBUG_RESUMED (RESUMED, STEP)
09:57:48.504 INFO: [TadState] TAD state changed: DEBUG_RESUMED -> READY (SUSPENDED, STEP)
09:57:49.865 INFO: [TadState] TAD state changed: READY -> DEBUG_RESUMED (RESUMED, USER_REQUEST)
09:57:49.928 INFO: [TadState] TAD state changed: DEBUG_RESUMED -> READY (SUSPENDED, BREAKPOINT)
09:57:52.346 INFO: [TadState] TAD state changed: READY -> DEBUG_RESUMED (RESUMED, STEP)
09:57:52.638 INFO: [TadState] TAD state changed: DEBUG_RESUMED -> READY (SUSPENDED, STEP)
09:57:53.466 INFO: [TadState] TAD state changed: READY -> DEBUG_RESUMED (RESUMED, STEP)
09:57:53.728 INFO: [TadState] TAD state changed: DEBUG_RESUMED -> READY (SUSPENDED, STEP)
09:57:54.458 INFO: [TadState] TAD state changed: READY -> DEBUG_RESUMED (RESUMED, STEP)
09:57:54.640 INFO: [TadState] TAD state changed: DEBUG_RESUMED -> READY (SUSPENDED, STEP)
09:57:56.834 INFO: [TadState] TAD state changed: READY -> DEBUG_RESUMED (RESUMED, STEP)
09:57:57.75 INFO: [TadState] TAD state changed: DEBUG_RESUMED -> READY (SUSPENDED, STEP)
09:58:00.851 INFO: [TadState] TAD state changed: READY -> DEBUG_RESUMED (RESUMED, USER_REQUEST)
09:58:29.60 INFO: [TadState] TAD state changed: DEBUG_RESUMED -> READY (SUSPENDED, SIGNAL)
09:58:31.49 INFO: [TadModel] DSF session ID 19 has ended.
